This file contains any messages produced by compilers while
running configure, to aid debugging if configure makes a mistake.

It was created by libstrophe configure 0.8-snapshot, which was
generated by GNU Autoconf 2.69.  Invocation command line was

  $ ./configure 

## --------- ##
## Platform. ##
## --------- ##

hostname = christohersmbp2
uname -m = x86_64
uname -r = 13.3.0
uname -s = Darwin
uname -v = Darwin Kernel Version 13.3.0: Tue Jun  3 21:27:35 PDT 2014; root:xnu-2422.110.17~1/RELEASE_X86_64

/usr/bin/uname -p = i386
/bin/uname -X     = unknown

/bin/arch              = unknown
/usr/bin/arch -k       = unknown
/usr/convex/getsysinfo = unknown
/usr/bin/hostinfo      = Mach kernel version:
	 Darwin Kernel Version 13.3.0: Tue Jun  3 21:27:35 PDT 2014; root:xnu-2422.110.17~1/RELEASE_X86_64
Kernel configured for up to 4 processors.
2 processors are physically available.
4 processors are logically available.
Processor type: i486 (Intel 80486)
Processors active: 0 1 2 3
Primary memory available: 8.00 gigabytes
Default processor set: 204 tasks, 1027 threads, 4 processors
Load average: 2.05, Mach factor: 1.97
/bin/machine           = unknown
/usr/bin/oslevel       = unknown
/bin/universe          = unknown

PATH: /opt/local/bin
PATH: /opt/local/sbin
PATH: /usr/bin
PATH: /bin
PATH: /usr/sbin
PATH: /sbin
PATH: /usr/local/bin
PATH: /opt/X11/bin
PATH: /usr/texbin


## ----------- ##
## Core tests. ##
## ----------- ##

configure:2158: checking for a BSD-compatible install
configure:2226: result: /usr/bin/install -c
configure:2237: checking whether build environment is sane
configure:2292: result: yes
configure:2330: WARNING: 'missing' script is too old or missing
configure:2443: checking for a thread-safe mkdir -p
configure:2482: result: ./install-sh -c -d
configure:2489: checking for gawk
configure:2505: found /opt/local/bin/gawk
configure:2516: result: gawk
configure:2527: checking whether make sets $(MAKE)
configure:2549: result: yes
configure:2578: checking whether make supports nested variables
configure:2595: result: yes
configure:2769: checking for gcc
configure:2785: found /usr/bin/gcc
configure:2796: result: gcc
configure:3025: checking for C compiler version
configure:3034: gcc --version >&5
Apple LLVM version 5.1 (clang-503.0.40) (based on LLVM 3.4svn)
Target: x86_64-apple-darwin13.3.0
Thread model: posix
Configured with: --prefix=/Applications/Xcode.app/Contents/Developer/usr --with-gxx-include-dir=/usr/include/c++/4.2.1
configure:3045: $? = 0
configure:3034: gcc -v >&5
Configured with: --prefix=/Applications/Xcode.app/Contents/Developer/usr --with-gxx-include-dir=/usr/include/c++/4.2.1
Apple LLVM version 5.1 (clang-503.0.40) (based on LLVM 3.4svn)
Target: x86_64-apple-darwin13.3.0
Thread model: posix
configure:3045: $? = 0
configure:3034: gcc -V >&5
clang: error: argument to '-V' is missing (expected 1 value)
clang: error: no input files
configure:3045: $? = 1
configure:3034: gcc -qversion >&5
clang: error: unknown argument: '-qversion' [-Wunused-command-line-argument-hard-error-in-future]
clang: note: this will be a hard error (cannot be downgraded to a warning) in the future
clang: error: no input files
configure:3045: $? = 1
configure:3065: checking whether the C compiler works
configure:3087: gcc    conftest.c  >&5
configure:3091: $? = 0
configure:3139: result: yes
configure:3142: checking for C compiler default output file name
configure:3144: result: a.out
configure:3150: checking for suffix of executables
configure:3157: gcc -o conftest    conftest.c  >&5
configure:3161: $? = 0
configure:3183: result: 
configure:3205: checking whether we are cross compiling
configure:3213: gcc -o conftest    conftest.c  >&5
configure:3217: $? = 0
configure:3224: ./conftest
configure:3228: $? = 0
configure:3243: result: no
configure:3248: checking for suffix of object files
configure:3270: gcc -c   conftest.c >&5
configure:3274: $? = 0
configure:3295: result: o
configure:3299: checking whether we are using the GNU C compiler
configure:3318: gcc -c   conftest.c >&5
configure:3318: $? = 0
configure:3327: result: yes
configure:3336: checking whether gcc accepts -g
configure:3356: gcc -c -g  conftest.c >&5
configure:3356: $? = 0
configure:3397: result: yes
configure:3414: checking for gcc option to accept ISO C89
configure:3477: gcc  -c -g -O2  conftest.c >&5
configure:3477: $? = 0
configure:3490: result: none needed
configure:3515: checking whether gcc understands -c and -o together
configure:3537: gcc -c conftest.c -o conftest2.o
configure:3540: $? = 0
configure:3537: gcc -c conftest.c -o conftest2.o
configure:3540: $? = 0
configure:3552: result: yes
configure:3580: checking for style of include used by make
configure:3608: result: GNU
configure:3634: checking dependency style of gcc
configure:3745: result: gcc3
configure:3803: checking for ranlib
configure:3819: found /opt/local/bin/ranlib
configure:3830: result: ranlib
configure:3860: checking how to run the C preprocessor
configure:3891: gcc -E  conftest.c
configure:3891: $? = 0
configure:3905: gcc -E  conftest.c
conftest.c:11:10: fatal error: 'ac_nonexistent.h' file not found
#include <ac_nonexistent.h>
         ^
1 error generated.
configure:3905: $? = 1
configure: failed program was:
| /* confdefs.h */
| #define PACKAGE_NAME "libstrophe"
| #define PACKAGE_TARNAME "libstrophe"
| #define PACKAGE_VERSION "0.8-snapshot"
| #define PACKAGE_STRING "libstrophe 0.8-snapshot"
| #define PACKAGE_BUGREPORT "jack@metajack.im"
| #define PACKAGE_URL ""
| #define PACKAGE "libstrophe"
| #define VERSION "0.8-snapshot"
| /* end confdefs.h.  */
| #include <ac_nonexistent.h>
configure:3930: result: gcc -E
configure:3950: gcc -E  conftest.c
configure:3950: $? = 0
configure:3964: gcc -E  conftest.c
conftest.c:11:10: fatal error: 'ac_nonexistent.h' file not found
#include <ac_nonexistent.h>
         ^
1 error generated.
configure:3964: $? = 1
configure: failed program was:
| /* confdefs.h */
| #define PACKAGE_NAME "libstrophe"
| #define PACKAGE_TARNAME "libstrophe"
| #define PACKAGE_VERSION "0.8-snapshot"
| #define PACKAGE_STRING "libstrophe 0.8-snapshot"
| #define PACKAGE_BUGREPORT "jack@metajack.im"
| #define PACKAGE_URL ""
| #define PACKAGE "libstrophe"
| #define VERSION "0.8-snapshot"
| /* end confdefs.h.  */
| #include <ac_nonexistent.h>
configure:3993: checking for grep that handles long lines and -e
configure:4051: result: /usr/bin/grep
configure:4056: checking for egrep
configure:4118: result: /usr/bin/grep -E
configure:4123: checking for ANSI C header files
configure:4143: gcc -c -g -O2  conftest.c >&5
configure:4143: $? = 0
configure:4216: gcc -o conftest -g -O2   conftest.c  >&5
configure:4216: $? = 0
configure:4216: ./conftest
configure:4216: $? = 0
configure:4227: result: yes
configure:4240: checking for sys/types.h
configure:4240: gcc -c -g -O2  conftest.c >&5
configure:4240: $? = 0
configure:4240: result: yes
configure:4240: checking for sys/stat.h
configure:4240: gcc -c -g -O2  conftest.c >&5
configure:4240: $? = 0
configure:4240: result: yes
configure:4240: checking for stdlib.h
configure:4240: gcc -c -g -O2  conftest.c >&5
configure:4240: $? = 0
configure:4240: result: yes
configure:4240: checking for string.h
configure:4240: gcc -c -g -O2  conftest.c >&5
configure:4240: $? = 0
configure:4240: result: yes
configure:4240: checking for memory.h
configure:4240: gcc -c -g -O2  conftest.c >&5
configure:4240: $? = 0
configure:4240: result: yes
configure:4240: checking for strings.h
configure:4240: gcc -c -g -O2  conftest.c >&5
configure:4240: $? = 0
configure:4240: result: yes
configure:4240: checking for inttypes.h
configure:4240: gcc -c -g -O2  conftest.c >&5
configure:4240: $? = 0
configure:4240: result: yes
configure:4240: checking for stdint.h
configure:4240: gcc -c -g -O2  conftest.c >&5
configure:4240: $? = 0
configure:4240: result: yes
configure:4240: checking for unistd.h
configure:4240: gcc -c -g -O2  conftest.c >&5
configure:4240: $? = 0
configure:4240: result: yes
configure:4252: checking openssl/ssl.h usability
configure:4252: gcc -c -g -O2  conftest.c >&5
configure:4252: $? = 0
configure:4252: result: yes
configure:4252: checking openssl/ssl.h presence
configure:4252: gcc -E  conftest.c
configure:4252: $? = 0
configure:4252: result: yes
configure:4252: checking for openssl/ssl.h
configure:4252: result: yes
configure:4314: checking for pkg-config
configure:4332: found /opt/local/bin/pkg-config
configure:4344: result: /opt/local/bin/pkg-config
configure:4369: checking pkg-config is at least version 0.9.0
configure:4372: result: yes
configure:4382: checking for check
configure:4389: $PKG_CONFIG --exists --print-errors "check >= 0.9.4"
configure:4392: $? = 0
configure:4406: $PKG_CONFIG --exists --print-errors "check >= 0.9.4"
configure:4409: $? = 0
configure:4449: result: yes
configure:4549: checking expat.h usability
configure:4549: gcc -c -g -O2  conftest.c >&5
configure:4549: $? = 0
configure:4549: result: yes
configure:4549: checking expat.h presence
configure:4549: gcc -E  conftest.c
configure:4549: $? = 0
configure:4549: result: yes
configure:4549: checking for expat.h
configure:4549: result: yes
configure:4571: libstrophe will use the expat XML parser
configure:4573: checking for library containing socket
configure:4604: gcc -o conftest -g -O2   conftest.c  >&5
configure:4604: $? = 0
configure:4621: result: none required
configure:4648: gcc -o conftest -g -O2   conftest.c  >&5
conftest.c:28:6: error: conflicting types for 'res_9_query'
char res_query ();
     ^
/usr/include/resolv.h:319:20: note: expanded from macro 'res_query'
#define res_query               res_9_query
                                ^
/usr/include/resolv.h:335:6: note: previous declaration is here
int             res_query __P((const char *, int, int, u_char *, int));
                ^
/usr/include/resolv.h:319:20: note: expanded from macro 'res_query'
#define res_query               res_9_query
                                ^
conftest.c:32:19: error: too few arguments to function call, expected 5, have 0
return res_query ();
       ~~~~~~~~~  ^
/usr/include/resolv.h:335:1: note: 'res_9_query' declared here
int             res_query __P((const char *, int, int, u_char *, int));
^
2 errors generated.
configure:4648: $? = 1
configure: failed program was:
| /* confdefs.h */
| #define PACKAGE_NAME "libstrophe"
| #define PACKAGE_TARNAME "libstrophe"
| #define PACKAGE_VERSION "0.8-snapshot"
| #define PACKAGE_STRING "libstrophe 0.8-snapshot"
| #define PACKAGE_BUGREPORT "jack@metajack.im"
| #define PACKAGE_URL ""
| #define PACKAGE "libstrophe"
| #define VERSION "0.8-snapshot"
| #define STDC_HEADERS 1
| #define HAVE_SYS_TYPES_H 1
| #define HAVE_SYS_STAT_H 1
| #define HAVE_STDLIB_H 1
| #define HAVE_STRING_H 1
| #define HAVE_MEMORY_H 1
| #define HAVE_STRINGS_H 1
| #define HAVE_INTTYPES_H 1
| #define HAVE_STDINT_H 1
| #define HAVE_UNISTD_H 1
| /* end confdefs.h.  */
| #include <resolv.h>
| /* Override any GCC internal prototype to avoid an error.
|    Use char because int might match the return type of a GCC
|    builtin and then its argument prototype would still apply.  */
| #ifdef __cplusplus
| extern "C"
| #endif
| char res_query ();
| int
| main ()
| {
| return res_query ();
|   ;
|   return 0;
| }
configure:4658: checking arpa/nameser_compat.h usability
configure:4658: gcc -c -g -O2  conftest.c >&5
configure:4658: $? = 0
configure:4658: result: yes
configure:4658: checking arpa/nameser_compat.h presence
configure:4658: gcc -E  conftest.c
configure:4658: $? = 0
configure:4658: result: yes
configure:4658: checking for arpa/nameser_compat.h
configure:4658: result: yes
configure:4827: checking that generated files are newer than configure
configure:4833: result: done
configure:4860: creating ./config.status

## ---------------------- ##
## Running config.status. ##
## ---------------------- ##

This file was extended by libstrophe config.status 0.8-snapshot, which was
generated by GNU Autoconf 2.69.  Invocation command line was

  CONFIG_FILES    = 
  CONFIG_HEADERS  = 
  CONFIG_LINKS    = 
  CONFIG_COMMANDS = 
  $ ./config.status 

on christohersmbp2

config.status:790: creating Makefile
config.status:962: executing depfiles commands

## ---------------- ##
## Cache variables. ##
## ---------------- ##

ac_cv_c_compiler_gnu=yes
ac_cv_env_CC_set=
ac_cv_env_CC_value=
ac_cv_env_CFLAGS_set=
ac_cv_env_CFLAGS_value=
ac_cv_env_CPPFLAGS_set=
ac_cv_env_CPPFLAGS_value=
ac_cv_env_CPP_set=
ac_cv_env_CPP_value=
ac_cv_env_LDFLAGS_set=
ac_cv_env_LDFLAGS_value=
ac_cv_env_LIBS_set=
ac_cv_env_LIBS_value=
ac_cv_env_PKG_CONFIG_LIBDIR_set=
ac_cv_env_PKG_CONFIG_LIBDIR_value=
ac_cv_env_PKG_CONFIG_PATH_set=
ac_cv_env_PKG_CONFIG_PATH_value=
ac_cv_env_PKG_CONFIG_set=
ac_cv_env_PKG_CONFIG_value=
ac_cv_env_build_alias_set=
ac_cv_env_build_alias_value=
ac_cv_env_check_CFLAGS_set=
ac_cv_env_check_CFLAGS_value=
ac_cv_env_check_LIBS_set=
ac_cv_env_check_LIBS_value=
ac_cv_env_host_alias_set=
ac_cv_env_host_alias_value=
ac_cv_env_libxml2_CFLAGS_set=
ac_cv_env_libxml2_CFLAGS_value=
ac_cv_env_libxml2_LIBS_set=
ac_cv_env_libxml2_LIBS_value=
ac_cv_env_target_alias_set=
ac_cv_env_target_alias_value=
ac_cv_header_arpa_nameser_compat_h=yes
ac_cv_header_expat_h=yes
ac_cv_header_inttypes_h=yes
ac_cv_header_memory_h=yes
ac_cv_header_openssl_ssl_h=yes
ac_cv_header_stdc=yes
ac_cv_header_stdint_h=yes
ac_cv_header_stdlib_h=yes
ac_cv_header_string_h=yes
ac_cv_header_strings_h=yes
ac_cv_header_sys_stat_h=yes
ac_cv_header_sys_types_h=yes
ac_cv_header_unistd_h=yes
ac_cv_objext=o
ac_cv_path_EGREP='/usr/bin/grep -E'
ac_cv_path_GREP=/usr/bin/grep
ac_cv_path_ac_pt_PKG_CONFIG=/opt/local/bin/pkg-config
ac_cv_path_install='/usr/bin/install -c'
ac_cv_prog_AWK=gawk
ac_cv_prog_CPP='gcc -E'
ac_cv_prog_ac_ct_CC=gcc
ac_cv_prog_ac_ct_RANLIB=ranlib
ac_cv_prog_cc_c89=
ac_cv_prog_cc_g=yes
ac_cv_prog_make_make_set=yes
ac_cv_search_socket='none required'
am_cv_CC_dependencies_compiler_type=gcc3
am_cv_make_support_nested_variables=yes
am_cv_prog_cc_c_o=yes
pkg_cv_check_CFLAGS='-D_THREAD_SAFE -I/opt/local/include '
pkg_cv_check_LIBS='-L/opt/local/lib -lcheck '

## ----------------- ##
## Output variables. ##
## ----------------- ##

ACLOCAL='aclocal-1.14'
AMDEPBACKSLASH='\'
AMDEP_FALSE='#'
AMDEP_TRUE=''
AMTAR='$${TAR-tar}'
AM_BACKSLASH='\'
AM_DEFAULT_V='$(AM_DEFAULT_VERBOSITY)'
AM_DEFAULT_VERBOSITY='1'
AM_V='$(V)'
AUTOCONF='autoconf'
AUTOHEADER='autoheader'
AUTOMAKE='automake-1.14'
AWK='gawk'
CC='gcc'
CCDEPMODE='depmode=gcc3'
CFLAGS='-g -O2'
CPP='gcc -E'
CPPFLAGS=''
CYGPATH_W='echo'
DEFS='-DPACKAGE_NAME=\"libstrophe\" -DPACKAGE_TARNAME=\"libstrophe\" -DPACKAGE_VERSION=\"0.8-snapshot\" -DPACKAGE_STRING=\"libstrophe\ 0.8-snapshot\" -DPACKAGE_BUGREPORT=\"jack@metajack.im\" -DPACKAGE_URL=\"\" -DPACKAGE=\"libstrophe\" -DVERSION=\"0.8-snapshot\" -DSTDC_HEADERS=1 -DHAVE_SYS_TYPES_H=1 -DHAVE_SYS_STAT_H=1 -DHAVE_STDLIB_H=1 -DHAVE_STRING_H=1 -DHAVE_MEMORY_H=1 -DHAVE_STRINGS_H=1 -DHAVE_INTTYPES_H=1 -DHAVE_STDINT_H=1 -DHAVE_UNISTD_H=1 -DHAVE_ARPA_NAMESER_COMPAT_H=1'
DEPDIR='.deps'
ECHO_C='\c'
ECHO_N=''
ECHO_T=''
EGREP='/usr/bin/grep -E'
EXEEXT=''
GREP='/usr/bin/grep'
INSTALL_DATA='${INSTALL} -m 644'
INSTALL_PROGRAM='${INSTALL}'
INSTALL_SCRIPT='${INSTALL}'
INSTALL_STRIP_PROGRAM='$(install_sh) -c -s'
LDFLAGS=''
LIBOBJS=''
LIBS=' -lresolv'
LTLIBOBJS=''
MAKEINFO='makeinfo'
MKDIR_P='./install-sh -c -d'
OBJEXT='o'
PACKAGE='libstrophe'
PACKAGE_BUGREPORT='jack@metajack.im'
PACKAGE_NAME='libstrophe'
PACKAGE_STRING='libstrophe 0.8-snapshot'
PACKAGE_TARNAME='libstrophe'
PACKAGE_URL=''
PACKAGE_VERSION='0.8-snapshot'
PARSER_CFLAGS=''
PARSER_EXPAT_FALSE='#'
PARSER_EXPAT_TRUE=''
PARSER_LIBS='-lexpat'
PARSER_NAME='expat'
PATH_SEPARATOR=':'
PKG_CONFIG='/opt/local/bin/pkg-config'
PKG_CONFIG_LIBDIR=''
PKG_CONFIG_PATH=''
RANLIB='ranlib'
SET_MAKE=''
SHELL='/bin/sh'
STRIP=''
VERSION='0.8-snapshot'
ac_ct_CC='gcc'
am__EXEEXT_FALSE=''
am__EXEEXT_TRUE='#'
am__fastdepCC_FALSE='#'
am__fastdepCC_TRUE=''
am__include='include'
am__isrc=''
am__leading_dot='.'
am__nodep='_no'
am__quote=''
am__tar='$${TAR-tar} chof - "$$tardir"'
am__untar='$${TAR-tar} xf -'
bindir='${exec_prefix}/bin'
build_alias=''
check_CFLAGS='-D_THREAD_SAFE -I/opt/local/include '
check_LIBS='-L/opt/local/lib -lcheck '
datadir='${datarootdir}'
datarootdir='${prefix}/share'
docdir='${datarootdir}/doc/${PACKAGE_TARNAME}'
dvidir='${docdir}'
exec_prefix='${prefix}'
host_alias=''
htmldir='${docdir}'
includedir='${prefix}/include'
infodir='${datarootdir}/info'
install_sh='${SHELL} /Users/christopherpalmer/Dropbox/mio/mio_ipc/libs/c/libstrophe/install-sh'
libdir='${exec_prefix}/lib'
libexecdir='${exec_prefix}/libexec'
libxml2_CFLAGS=''
libxml2_LIBS=''
localedir='${datarootdir}/locale'
localstatedir='${prefix}/var'
mandir='${datarootdir}/man'
mkdir_p='$(MKDIR_P)'
oldincludedir='/usr/include'
pdfdir='${docdir}'
prefix='/usr/local'
program_transform_name='s,x,x,'
psdir='${docdir}'
sbindir='${exec_prefix}/sbin'
sharedstatedir='${prefix}/com'
sysconfdir='${prefix}/etc'
target_alias=''

## ----------- ##
## confdefs.h. ##
## ----------- ##

/* confdefs.h */
#define PACKAGE_NAME "libstrophe"
#define PACKAGE_TARNAME "libstrophe"
#define PACKAGE_VERSION "0.8-snapshot"
#define PACKAGE_STRING "libstrophe 0.8-snapshot"
#define PACKAGE_BUGREPORT "jack@metajack.im"
#define PACKAGE_URL ""
#define PACKAGE "libstrophe"
#define VERSION "0.8-snapshot"
#define STDC_HEADERS 1
#define HAVE_SYS_TYPES_H 1
#define HAVE_SYS_STAT_H 1
#define HAVE_STDLIB_H 1
#define HAVE_STRING_H 1
#define HAVE_MEMORY_H 1
#define HAVE_STRINGS_H 1
#define HAVE_INTTYPES_H 1
#define HAVE_STDINT_H 1
#define HAVE_UNISTD_H 1
#define HAVE_ARPA_NAMESER_COMPAT_H 1

configure: exit 0
